# JRE version: OpenJDK Runtime Environment Microsoft-8297089 (17.0.8.1+1) (build 17.0.8.1+1-LTS)
# Java VM: OpenJDK 64-Bit Server VM Microsoft-8297089 (17.0.8.1+1-LTS, mixed mode, sharing, tiered, compressed oops, compressed class ptrs, g1 gc, windows-amd64)
GC Precious Log:
 CPUs: 12 total, 12 available
 Memory: 7597M
 Large Page Support: Disabled
 NUMA Support: Disabled
 Compressed Oops: Enabled (32-bit)
 Heap Region Size: 1M
 Heap Min Capacity: 8M
 Heap Initial Capacity: 120M
 Heap Max Capacity: 2G
 Pre-touch: Disabled
 Parallel Workers: 10
 Concurrent Workers: 3
 Concurrent Refinement Workers: 10
 Periodic GC: Disabled
Heap:
 garbage-first heap   total 360448K, used 265855K [0x0000000080000000, 0x0000000100000000)
  region size 1024K, 27 young (27648K), 5 survivors (5120K)
 Metaspace       used 109823K, committed 111168K, reserved 557056K
  class space    used 15329K, committed 15936K, reserved 425984K
GC Heap History (20 events):
Event: 30.207 GC heap before
{Heap before GC invocations=52 (full 0):
 garbage-first heap   total 300032K, used 246579K [0x0000000080000000, 0x0000000100000000)
  region size 1024K, 58 young (59392K), 9 survivors (9216K)
 Metaspace       used 104422K, committed 105664K, reserved 557056K
  class space    used 14712K, committed 15296K, reserved 425984K
}
Event: 30.219 GC heap after
{Heap after GC invocations=53 (full 0):
 garbage-first heap   total 300032K, used 205390K [0x0000000080000000, 0x0000000100000000)
  region size 1024K, 8 young (8192K), 8 survivors (8192K)
 Metaspace       used 104422K, committed 105664K, reserved 557056K
  class space    used 14712K, committed 15296K, reserved 425984K
}
Event: 30.896 GC heap before
{Heap before GC invocations=53 (full 0):
 garbage-first heap   total 300032K, used 247374K [0x0000000080000000, 0x0000000100000000)
  region size 1024K, 49 young (50176K), 8 survivors (8192K)
 Metaspace       used 107547K, committed 108800K, reserved 557056K
  class space    used 15141K, committed 15744K, reserved 425984K
}
Event: 30.905 GC heap after
{Heap after GC invocations=54 (full 0):
 garbage-first heap   total 300032K, used 209135K [0x0000000080000000, 0x0000000100000000)
  region size 1024K, 4 young (4096K), 4 survivors (4096K)
 Metaspace       used 107547K, committed 108800K, reserved 557056K
  class space    used 15141K, committed 15744K, reserved 425984K
}
Event: 31.356 GC heap before
{Heap before GC invocations=54 (full 0):
 garbage-first heap   total 300032K, used 250095K [0x0000000080000000, 0x0000000100000000)
  region size 1024K, 44 young (45056K), 4 survivors (4096K)
 Metaspace       used 108280K, committed 109568K, reserved 557056K
  class space    used 15213K, committed 15808K, reserved 425984K
}
Event: 31.366 GC heap after
{Heap after GC invocations=55 (full 0):
 garbage-first heap   total 300032K, used 217081K [0x0000000080000000, 0x0000000100000000)
  region size 1024K, 6 young (6144K), 6 survivors (6144K)
 Metaspace       used 108280K, committed 109568K, reserved 557056K
  class space    used 15213K, committed 15808K, reserved 425984K
}
Event: 31.617 GC heap before
{Heap before GC invocations=55 (full 0):
 garbage-first heap   total 300032K, used 251897K [0x0000000080000000, 0x0000000100000000)
  region size 1024K, 40 young (40960K), 6 survivors (6144K)
 Metaspace       used 108466K, committed 109696K, reserved 557056K
  class space    used 15214K, committed 15808K, reserved 425984K
}
Event: 31.625 GC heap after
{Heap after GC invocations=56 (full 0):
 garbage-first heap   total 300032K, used 220995K [0x0000000080000000, 0x0000000100000000)
  region size 1024K, 4 young (4096K), 4 survivors (4096K)
 Metaspace       used 108466K, committed 109696K, reserved 557056K
  class space    used 15214K, committed 15808K, reserved 425984K
}
Event: 31.823 GC heap before
{Heap before GC invocations=56 (full 0):
 garbage-first heap   total 300032K, used 253763K [0x0000000080000000, 0x0000000100000000)
  region size 1024K, 36 young (36864K), 4 survivors (4096K)
 Metaspace       used 108569K, committed 109824K, reserved 557056K
  class space    used 15216K, committed 15808K, reserved 425984K
}
Event: 31.828 GC heap after
{Heap after GC invocations=57 (full 0):
 garbage-first heap   total 300032K, used 224133K [0x0000000080000000, 0x0000000100000000)
  region size 1024K, 3 young (3072K), 3 survivors (3072K)
 Metaspace       used 108569K, committed 109824K, reserved 557056K
  class space    used 15216K, committed 15808K, reserved 425984K
}
Event: 32.078 GC heap before
{Heap before GC invocations=57 (full 0):
 garbage-first heap   total 300032K, used 256901K [0x0000000080000000, 0x0000000100000000)
  region size 1024K, 35 young (35840K), 3 survivors (3072K)
 Metaspace       used 108846K, committed 110144K, reserved 557056K
  class space    used 15251K, committed 15872K, reserved 425984K
}
Event: 32.086 GC heap after
{Heap after GC invocations=58 (full 0):
 garbage-first heap   total 300032K, used 228102K [0x0000000080000000, 0x0000000100000000)
  region size 1024K, 5 young (5120K), 5 survivors (5120K)
 Metaspace       used 108846K, committed 110144K, reserved 557056K
  class space    used 15251K, committed 15872K, reserved 425984K
}
Event: 32.323 GC heap before
{Heap before GC invocations=58 (full 0):
 garbage-first heap   total 300032K, used 255750K [0x0000000080000000, 0x0000000100000000)
  region size 1024K, 33 young (33792K), 5 survivors (5120K)
 Metaspace       used 109157K, committed 110464K, reserved 557056K
  class space    used 15282K, committed 15936K, reserved 425984K
}
Event: 32.330 GC heap after
{Heap after GC invocations=59 (full 0):
 garbage-first heap   total 300032K, used 231314K [0x0000000080000000, 0x0000000100000000)
  region size 1024K, 3 young (3072K), 3 survivors (3072K)
 Metaspace       used 109157K, committed 110464K, reserved 557056K
  class space    used 15282K, committed 15936K, reserved 425984K
}
Event: 32.556 GC heap before
{Heap before GC invocations=59 (full 0):
 garbage-first heap   total 300032K, used 257938K [0x0000000080000000, 0x0000000100000000)
  region size 1024K, 30 young (30720K), 3 survivors (3072K)
 Metaspace       used 109341K, committed 110720K, reserved 557056K
  class space    used 15288K, committed 15936K, reserved 425984K
}
Event: 32.560 GC heap after
{Heap after GC invocations=60 (full 0):
 garbage-first heap   total 360448K, used 232569K [0x0000000080000000, 0x0000000100000000)
  region size 1024K, 2 young (2048K), 2 survivors (2048K)
 Metaspace       used 109341K, committed 110720K, reserved 557056K
  class space    used 15288K, committed 15936K, reserved 425984K
}
Event: 33.059 GC heap before
{Heap before GC invocations=60 (full 0):
 garbage-first heap   total 360448K, used 304249K [0x0000000080000000, 0x0000000100000000)
  region size 1024K, 73 young (74752K), 2 survivors (2048K)
 Metaspace       used 109766K, committed 111040K, reserved 557056K
  class space    used 15328K, committed 15936K, reserved 425984K
}
Event: 33.067 GC heap after
{Heap after GC invocations=61 (full 0):
 garbage-first heap   total 360448K, used 240933K [0x0000000080000000, 0x0000000100000000)
  region size 1024K, 10 young (10240K), 10 survivors (10240K)
 Metaspace       used 109766K, committed 111040K, reserved 557056K
  class space    used 15328K, committed 15936K, reserved 425984K
}
Event: 33.605 GC heap before
{Heap before GC invocations=61 (full 0):
 garbage-first heap   total 360448K, used 302373K [0x0000000080000000, 0x0000000100000000)
  region size 1024K, 71 young (72704K), 10 survivors (10240K)
 Metaspace       used 109816K, committed 111168K, reserved 557056K
  class space    used 15329K, committed 15936K, reserved 425984K
}
Event: 33.614 GC heap after
{Heap after GC invocations=62 (full 0):
 garbage-first heap   total 360448K, used 244351K [0x0000000080000000, 0x0000000100000000)
  region size 1024K, 5 young (5120K), 5 survivors (5120K)
 Metaspace       used 109816K, committed 111168K, reserved 557056K
  class space    used 15329K, committed 15936K, reserved 425984K
}

