# JRE version: OpenJDK Runtime Environment Microsoft-8297089 (17.0.8.1+1) (build 17.0.8.1+1-LTS)
# Java VM: OpenJDK 64-Bit Server VM Microsoft-8297089 (17.0.8.1+1-LTS, mixed mode, sharing, tiered, compressed oops, compressed class ptrs, g1 gc, windows-amd64)
GC Precious Log:
 CPUs: 12 total, 12 available
 Memory: 7597M
 Large Page Support: Disabled
 NUMA Support: Disabled
 Compressed Oops: Enabled (32-bit)
 Heap Region Size: 1M
 Heap Min Capacity: 8M
 Heap Initial Capacity: 120M
 Heap Max Capacity: 2G
 Pre-touch: Disabled
 Parallel Workers: 10
 Concurrent Workers: 3
 Concurrent Refinement Workers: 10
 Periodic GC: Disabled
Heap:
 garbage-first heap   total 347136K, used 290430K [0x0000000080000000, 0x0000000100000000)
  region size 1024K, 9 young (9216K), 3 survivors (3072K)
 Metaspace       used 111577K, committed 113216K, reserved 557056K
  class space    used 15587K, committed 16384K, reserved 425984K
GC Heap History (20 events):
Event: 65.450 GC heap before
{Heap before GC invocations=83 (full 0):
 garbage-first heap   total 347136K, used 296628K [0x0000000080000000, 0x0000000100000000)
  region size 1024K, 42 young (43008K), 6 survivors (6144K)
 Metaspace       used 110994K, committed 112640K, reserved 557056K
  class space    used 15538K, committed 16320K, reserved 425984K
}
Event: 65.459 GC heap after
{Heap after GC invocations=84 (full 0):
 garbage-first heap   total 347136K, used 263779K [0x0000000080000000, 0x0000000100000000)
  region size 1024K, 4 young (4096K), 4 survivors (4096K)
 Metaspace       used 110994K, committed 112640K, reserved 557056K
  class space    used 15538K, committed 16320K, reserved 425984K
}
Event: 66.677 GC heap before
{Heap before GC invocations=84 (full 0):
 garbage-first heap   total 347136K, used 298595K [0x0000000080000000, 0x0000000100000000)
  region size 1024K, 39 young (39936K), 4 survivors (4096K)
 Metaspace       used 111035K, committed 112640K, reserved 557056K
  class space    used 15538K, committed 16320K, reserved 425984K
}
Event: 66.684 GC heap after
{Heap after GC invocations=85 (full 0):
 garbage-first heap   total 347136K, used 265952K [0x0000000080000000, 0x0000000100000000)
  region size 1024K, 4 young (4096K), 4 survivors (4096K)
 Metaspace       used 111035K, committed 112640K, reserved 557056K
  class space    used 15538K, committed 16320K, reserved 425984K
}
Event: 67.349 GC heap before
{Heap before GC invocations=85 (full 0):
 garbage-first heap   total 347136K, used 299744K [0x0000000080000000, 0x0000000100000000)
  region size 1024K, 37 young (37888K), 4 survivors (4096K)
 Metaspace       used 111036K, committed 112640K, reserved 557056K
  class space    used 15538K, committed 16320K, reserved 425984K
}
Event: 67.354 GC heap after
{Heap after GC invocations=86 (full 0):
 garbage-first heap   total 347136K, used 267544K [0x0000000080000000, 0x0000000100000000)
  region size 1024K, 3 young (3072K), 3 survivors (3072K)
 Metaspace       used 111036K, committed 112640K, reserved 557056K
  class space    used 15538K, committed 16320K, reserved 425984K
}
Event: 68.410 GC heap before
{Heap before GC invocations=86 (full 0):
 garbage-first heap   total 347136K, used 308504K [0x0000000080000000, 0x0000000100000000)
  region size 1024K, 35 young (35840K), 3 survivors (3072K)
 Metaspace       used 111148K, committed 112832K, reserved 557056K
  class space    used 15549K, committed 16384K, reserved 425984K
}
Event: 68.423 GC heap after
{Heap after GC invocations=87 (full 0):
 garbage-first heap   total 347136K, used 275891K [0x0000000080000000, 0x0000000100000000)
  region size 1024K, 5 young (5120K), 5 survivors (5120K)
 Metaspace       used 111148K, committed 112832K, reserved 557056K
  class space    used 15549K, committed 16384K, reserved 425984K
}
Event: 68.966 GC heap before
{Heap before GC invocations=87 (full 0):
 garbage-first heap   total 347136K, used 303539K [0x0000000080000000, 0x0000000100000000)
  region size 1024K, 31 young (31744K), 5 survivors (5120K)
 Metaspace       used 111238K, committed 112896K, reserved 557056K
  class space    used 15558K, committed 16384K, reserved 425984K
}
Event: 68.974 GC heap after
{Heap after GC invocations=88 (full 0):
 garbage-first heap   total 347136K, used 274058K [0x0000000080000000, 0x0000000100000000)
  region size 1024K, 3 young (3072K), 3 survivors (3072K)
 Metaspace       used 111238K, committed 112896K, reserved 557056K
  class space    used 15558K, committed 16384K, reserved 425984K
}
Event: 69.213 GC heap before
{Heap before GC invocations=88 (full 0):
 garbage-first heap   total 347136K, used 298634K [0x0000000080000000, 0x0000000100000000)
  region size 1024K, 21 young (21504K), 3 survivors (3072K)
 Metaspace       used 111270K, committed 112960K, reserved 557056K
  class space    used 15562K, committed 16384K, reserved 425984K
}
Event: 69.219 GC heap after
{Heap after GC invocations=89 (full 0):
 garbage-first heap   total 347136K, used 277482K [0x0000000080000000, 0x0000000100000000)
  region size 1024K, 4 young (4096K), 4 survivors (4096K)
 Metaspace       used 111270K, committed 112960K, reserved 557056K
  class space    used 15562K, committed 16384K, reserved 425984K
}
Event: 69.856 GC heap before
{Heap before GC invocations=89 (full 0):
 garbage-first heap   total 347136K, used 306154K [0x0000000080000000, 0x0000000100000000)
  region size 1024K, 29 young (29696K), 4 survivors (4096K)
 Metaspace       used 111416K, committed 113088K, reserved 557056K
  class space    used 15576K, committed 16384K, reserved 425984K
}
Event: 69.865 GC heap after
{Heap after GC invocations=90 (full 0):
 garbage-first heap   total 347136K, used 277760K [0x0000000080000000, 0x0000000100000000)
  region size 1024K, 4 young (4096K), 4 survivors (4096K)
 Metaspace       used 111416K, committed 113088K, reserved 557056K
  class space    used 15576K, committed 16384K, reserved 425984K
}
Event: 70.071 GC heap before
{Heap before GC invocations=90 (full 0):
 garbage-first heap   total 347136K, used 310528K [0x0000000080000000, 0x0000000100000000)
  region size 1024K, 29 young (29696K), 4 survivors (4096K)
 Metaspace       used 111421K, committed 113088K, reserved 557056K
  class space    used 15576K, committed 16384K, reserved 425984K
}
Event: 70.079 GC heap after
{Heap after GC invocations=91 (full 0):
 garbage-first heap   total 347136K, used 282764K [0x0000000080000000, 0x0000000100000000)
  region size 1024K, 4 young (4096K), 4 survivors (4096K)
 Metaspace       used 111421K, committed 113088K, reserved 557056K
  class space    used 15576K, committed 16384K, reserved 425984K
}
Event: 70.273 GC heap before
{Heap before GC invocations=91 (full 0):
 garbage-first heap   total 347136K, used 306316K [0x0000000080000000, 0x0000000100000000)
  region size 1024K, 24 young (24576K), 4 survivors (4096K)
 Metaspace       used 111433K, committed 113088K, reserved 557056K
  class space    used 15577K, committed 16384K, reserved 425984K
}
Event: 70.279 GC heap after
{Heap after GC invocations=92 (full 0):
 garbage-first heap   total 347136K, used 282626K [0x0000000080000000, 0x0000000100000000)
  region size 1024K, 3 young (3072K), 3 survivors (3072K)
 Metaspace       used 111433K, committed 113088K, reserved 557056K
  class space    used 15577K, committed 16384K, reserved 425984K
}
Event: 70.815 GC heap before
{Heap before GC invocations=92 (full 0):
 garbage-first heap   total 347136K, used 303106K [0x0000000080000000, 0x0000000100000000)
  region size 1024K, 24 young (24576K), 3 survivors (3072K)
 Metaspace       used 111485K, committed 113152K, reserved 557056K
  class space    used 15580K, committed 16384K, reserved 425984K
}
Event: 70.822 GC heap after
{Heap after GC invocations=93 (full 0):
 garbage-first heap   total 347136K, used 284249K [0x0000000080000000, 0x0000000100000000)
  region size 1024K, 2 young (2048K), 2 survivors (2048K)
 Metaspace       used 111485K, committed 113152K, reserved 557056K
  class space    used 15580K, committed 16384K, reserved 425984K
}

