# JRE version: OpenJDK Runtime Environment Microsoft-8297089 (17.0.8.1+1) (build 17.0.8.1+1-LTS)
# Java VM: OpenJDK 64-Bit Server VM Microsoft-8297089 (17.0.8.1+1-LTS, mixed mode, sharing, tiered, compressed oops, compressed class ptrs, g1 gc, windows-amd64)
GC Precious Log:
 CPUs: 12 total, 12 available
 Memory: 7597M
 Large Page Support: Disabled
 NUMA Support: Disabled
 Compressed Oops: Enabled (32-bit)
 Heap Region Size: 1M
 Heap Min Capacity: 8M
 Heap Initial Capacity: 120M
 Heap Max Capacity: 2G
 Pre-touch: Disabled
 Parallel Workers: 10
 Concurrent Workers: 3
 Concurrent Refinement Workers: 10
 Periodic GC: Disabled
Heap:
 garbage-first heap   total 284672K, used 240187K [0x0000000080000000, 0x0000000100000000)
  region size 1024K, 18 young (18432K), 3 survivors (3072K)
 Metaspace       used 108927K, committed 110208K, reserved 557056K
  class space    used 15222K, committed 15872K, reserved 425984K
GC Heap History (20 events):
Event: 54.817 GC heap before
{Heap before GC invocations=59 (full 0):
 garbage-first heap   total 284672K, used 237780K [0x0000000080000000, 0x0000000100000000)
  region size 1024K, 45 young (46080K), 5 survivors (5120K)
 Metaspace       used 108073K, committed 109312K, reserved 557056K
  class space    used 15135K, committed 15744K, reserved 425984K
}
Event: 54.823 GC heap after
{Heap after GC invocations=60 (full 0):
 garbage-first heap   total 284672K, used 199535K [0x0000000080000000, 0x0000000100000000)
  region size 1024K, 2 young (2048K), 2 survivors (2048K)
 Metaspace       used 108073K, committed 109312K, reserved 557056K
  class space    used 15135K, committed 15744K, reserved 425984K
}
Event: 55.224 GC heap before
{Heap before GC invocations=60 (full 0):
 garbage-first heap   total 284672K, used 240495K [0x0000000080000000, 0x0000000100000000)
  region size 1024K, 43 young (44032K), 2 survivors (2048K)
 Metaspace       used 108436K, committed 109760K, reserved 557056K
  class space    used 15174K, committed 15808K, reserved 425984K
}
Event: 55.232 GC heap after
{Heap after GC invocations=61 (full 0):
 garbage-first heap   total 284672K, used 206159K [0x0000000080000000, 0x0000000100000000)
  region size 1024K, 6 young (6144K), 6 survivors (6144K)
 Metaspace       used 108436K, committed 109760K, reserved 557056K
  class space    used 15174K, committed 15808K, reserved 425984K
}
Event: 55.515 GC heap before
{Heap before GC invocations=61 (full 0):
 garbage-first heap   total 284672K, used 241999K [0x0000000080000000, 0x0000000100000000)
  region size 1024K, 41 young (41984K), 6 survivors (6144K)
 Metaspace       used 108471K, committed 109760K, reserved 557056K
  class space    used 15174K, committed 15808K, reserved 425984K
}
Event: 55.522 GC heap after
{Heap after GC invocations=62 (full 0):
 garbage-first heap   total 284672K, used 209346K [0x0000000080000000, 0x0000000100000000)
  region size 1024K, 4 young (4096K), 4 survivors (4096K)
 Metaspace       used 108471K, committed 109760K, reserved 557056K
  class space    used 15174K, committed 15808K, reserved 425984K
}
Event: 56.082 GC heap before
{Heap before GC invocations=62 (full 0):
 garbage-first heap   total 284672K, used 242114K [0x0000000080000000, 0x0000000100000000)
  region size 1024K, 37 young (37888K), 4 survivors (4096K)
 Metaspace       used 108520K, committed 109760K, reserved 557056K
  class space    used 15174K, committed 15808K, reserved 425984K
}
Event: 56.087 GC heap after
{Heap after GC invocations=63 (full 0):
 garbage-first heap   total 284672K, used 211104K [0x0000000080000000, 0x0000000100000000)
  region size 1024K, 4 young (4096K), 4 survivors (4096K)
 Metaspace       used 108520K, committed 109760K, reserved 557056K
  class space    used 15174K, committed 15808K, reserved 425984K
}
Event: 56.619 GC heap before
{Heap before GC invocations=63 (full 0):
 garbage-first heap   total 284672K, used 242848K [0x0000000080000000, 0x0000000100000000)
  region size 1024K, 35 young (35840K), 4 survivors (4096K)
 Metaspace       used 108521K, committed 109760K, reserved 557056K
  class space    used 15174K, committed 15808K, reserved 425984K
}
Event: 56.623 GC heap after
{Heap after GC invocations=64 (full 0):
 garbage-first heap   total 284672K, used 212616K [0x0000000080000000, 0x0000000100000000)
  region size 1024K, 3 young (3072K), 3 survivors (3072K)
 Metaspace       used 108521K, committed 109760K, reserved 557056K
  class space    used 15174K, committed 15808K, reserved 425984K
}
Event: 57.389 GC heap before
{Heap before GC invocations=64 (full 0):
 garbage-first heap   total 284672K, used 256648K [0x0000000080000000, 0x0000000100000000)
  region size 1024K, 35 young (35840K), 3 survivors (3072K)
 Metaspace       used 108605K, committed 109888K, reserved 557056K
  class space    used 15184K, committed 15808K, reserved 425984K
}
Event: 57.397 GC heap after
{Heap after GC invocations=65 (full 0):
 garbage-first heap   total 284672K, used 216958K [0x0000000080000000, 0x0000000100000000)
  region size 1024K, 5 young (5120K), 5 survivors (5120K)
 Metaspace       used 108605K, committed 109888K, reserved 557056K
  class space    used 15184K, committed 15808K, reserved 425984K
}
Event: 57.804 GC heap before
{Heap before GC invocations=65 (full 0):
 garbage-first heap   total 284672K, used 250750K [0x0000000080000000, 0x0000000100000000)
  region size 1024K, 33 young (33792K), 5 survivors (5120K)
 Metaspace       used 108723K, committed 109952K, reserved 557056K
  class space    used 15199K, committed 15808K, reserved 425984K
}
Event: 57.813 GC heap after
{Heap after GC invocations=66 (full 0):
 garbage-first heap   total 284672K, used 219793K [0x0000000080000000, 0x0000000100000000)
  region size 1024K, 3 young (3072K), 3 survivors (3072K)
 Metaspace       used 108723K, committed 109952K, reserved 557056K
  class space    used 15199K, committed 15808K, reserved 425984K
}
Event: 58.111 GC heap before
{Heap before GC invocations=66 (full 0):
 garbage-first heap   total 284672K, used 251537K [0x0000000080000000, 0x0000000100000000)
  region size 1024K, 29 young (29696K), 3 survivors (3072K)
 Metaspace       used 108753K, committed 110016K, reserved 557056K
  class space    used 15201K, committed 15808K, reserved 425984K
}
Event: 58.117 GC heap after
{Heap after GC invocations=67 (full 0):
 garbage-first heap   total 284672K, used 221723K [0x0000000080000000, 0x0000000100000000)
  region size 1024K, 3 young (3072K), 3 survivors (3072K)
 Metaspace       used 108753K, committed 110016K, reserved 557056K
  class space    used 15201K, committed 15808K, reserved 425984K
}
Event: 58.367 GC heap before
{Heap before GC invocations=67 (full 0):
 garbage-first heap   total 284672K, used 251419K [0x0000000080000000, 0x0000000100000000)
  region size 1024K, 27 young (27648K), 3 survivors (3072K)
 Metaspace       used 108845K, committed 110080K, reserved 557056K
  class space    used 15215K, committed 15808K, reserved 425984K
}
Event: 58.373 GC heap after
{Heap after GC invocations=68 (full 0):
 garbage-first heap   total 284672K, used 224569K [0x0000000080000000, 0x0000000100000000)
  region size 1024K, 4 young (4096K), 4 survivors (4096K)
 Metaspace       used 108845K, committed 110080K, reserved 557056K
  class space    used 15215K, committed 15808K, reserved 425984K
}
Event: 58.525 GC heap before
{Heap before GC invocations=68 (full 0):
 garbage-first heap   total 284672K, used 252217K [0x0000000080000000, 0x0000000100000000)
  region size 1024K, 26 young (26624K), 4 survivors (4096K)
 Metaspace       used 108858K, committed 110080K, reserved 557056K
  class space    used 15216K, committed 15808K, reserved 425984K
}
Event: 58.532 GC heap after
{Heap after GC invocations=69 (full 0):
 garbage-first heap   total 284672K, used 226875K [0x0000000080000000, 0x0000000100000000)
  region size 1024K, 3 young (3072K), 3 survivors (3072K)
 Metaspace       used 108858K, committed 110080K, reserved 557056K
  class space    used 15216K, committed 15808K, reserved 425984K
}

